0 info it worked if it ends with ok
1 verbose cli [ 'C:\\Program Files\\nodejs\\node.exe',
1 verbose cli   'C:\\Users\\zork\\AppData\\Roaming\\npm\\node_modules\\npm\\bin\\npm-cli.js',
1 verbose cli   'install',
1 verbose cli   'ds-gulp-builder',
1 verbose cli   '--save-dev' ]
2 info using npm@3.5.3
3 info using node@v4.2.3
4 silly loadCurrentTree Starting
5 silly install loadCurrentTree
6 silly install readLocalPackageData
7 silly fetchPackageMetaData ds-gulp-builder
8 silly fetchNamedPackageData ds-gulp-builder
9 silly mapToRegistry name ds-gulp-builder
10 silly mapToRegistry using default registry
11 silly mapToRegistry registry https://registry.npmjs.org/
12 silly mapToRegistry uri https://registry.npmjs.org/ds-gulp-builder
13 verbose request uri https://registry.npmjs.org/ds-gulp-builder
14 verbose request no auth needed
15 info attempt registry request try #1 at 16:34:50
16 verbose request using bearer token for auth
17 verbose request id 35a610a3e9d7e8ac
18 verbose etag "BNG0IHF5S9NGN6ZT9MDDX3V7R"
19 http request GET https://registry.npmjs.org/ds-gulp-builder
20 http 304 https://registry.npmjs.org/ds-gulp-builder
21 verbose headers { 'cache-control': 'max-age=300',
21 verbose headers   'accept-ranges': 'bytes',
21 verbose headers   date: 'Tue, 26 Jan 2016 13:35:07 GMT',
21 verbose headers   via: '1.1 varnish',
21 verbose headers   connection: 'keep-alive',
21 verbose headers   'x-served-by': 'cache-fra1220-FRA',
21 verbose headers   'x-cache': 'MISS',
21 verbose headers   'x-cache-hits': '0',
21 verbose headers   'x-timer': 'S1453815307.217430,VS0,VE99' }
22 silly get cb [ 304,
22 silly get   { 'cache-control': 'max-age=300',
22 silly get     'accept-ranges': 'bytes',
22 silly get     date: 'Tue, 26 Jan 2016 13:35:07 GMT',
22 silly get     via: '1.1 varnish',
22 silly get     connection: 'keep-alive',
22 silly get     'x-served-by': 'cache-fra1220-FRA',
22 silly get     'x-cache': 'MISS',
22 silly get     'x-cache-hits': '0',
22 silly get     'x-timer': 'S1453815307.217430,VS0,VE99' } ]
23 verbose etag https://registry.npmjs.org/ds-gulp-builder from cache
24 verbose get saving ds-gulp-builder to C:\Users\zork\AppData\Roaming\npm-cache\registry.npmjs.org\ds-gulp-builder\.cache.json
25 silly install normalizeTree
26 silly loadCurrentTree Finishing
27 silly loadIdealTree Starting
28 silly install loadIdealTree
29 silly cloneCurrentTree Starting
30 silly install cloneCurrentTreeToIdealTree
31 silly cloneCurrentTree Finishing
32 silly loadShrinkwrap Starting
33 silly install loadShrinkwrap
34 silly loadShrinkwrap Finishing
35 silly loadAllDepsIntoIdealTree Starting
36 silly install loadAllDepsIntoIdealTree
37 silly rollbackFailedOptional Starting
38 silly rollbackFailedOptional Finishing
39 silly runTopLevelLifecycles Starting
40 silly runTopLevelLifecycles Finishing
41 silly install printInstalled
42 verbose stack Error: Refusing to install ds-gulp-builder as a dependency of itself
42 verbose stack     at checkSelf (C:\Users\zork\AppData\Roaming\npm\node_modules\npm\lib\install\validate-args.js:40:14)
42 verbose stack     at Array.<anonymous> (C:\Users\zork\AppData\Roaming\npm\node_modules\npm\node_modules\slide\lib\bind-actor.js:15:8)
42 verbose stack     at LOOP (C:\Users\zork\AppData\Roaming\npm\node_modules\npm\node_modules\slide\lib\chain.js:15:14)
42 verbose stack     at chain (C:\Users\zork\AppData\Roaming\npm\node_modules\npm\node_modules\slide\lib\chain.js:20:5)
42 verbose stack     at C:\Users\zork\AppData\Roaming\npm\node_modules\npm\lib\install\validate-args.js:15:5
42 verbose stack     at C:\Users\zork\AppData\Roaming\npm\node_modules\npm\node_modules\slide\lib\async-map.js:52:35
42 verbose stack     at Array.forEach (native)
42 verbose stack     at C:\Users\zork\AppData\Roaming\npm\node_modules\npm\node_modules\slide\lib\async-map.js:52:11
42 verbose stack     at Array.forEach (native)
42 verbose stack     at asyncMap (C:\Users\zork\AppData\Roaming\npm\node_modules\npm\node_modules\slide\lib\async-map.js:51:8)
43 verbose cwd C:\GIT\DSGulpBuilder
44 error Windows_NT 6.1.7601
45 error argv "C:\\Program Files\\nodejs\\node.exe" "C:\\Users\\zork\\AppData\\Roaming\\npm\\node_modules\\npm\\bin\\npm-cli.js" "install" "ds-gulp-builder" "--save-dev"
46 error node v4.2.3
47 error npm  v3.5.3
48 error code ENOSELF
49 error Refusing to install ds-gulp-builder as a dependency of itself
50 error If you need help, you may report this error at:
50 error     <https://github.com/npm/npm/issues>
51 verbose exit [ 1, true ]
