0 info it worked if it ends with ok
1 verbose cli [ 'C:\\Program Files\\nodejs\\node.exe',
1 verbose cli   'C:\\Users\\zork\\AppData\\Roaming\\npm\\node_modules\\npm\\bin\\npm-cli.js',
1 verbose cli   'publish' ]
2 info using npm@3.10.9
3 info using node@v6.9.1
4 verbose publish [ '.' ]
5 silly cache add args [ '.', null ]
6 verbose cache add spec .
7 silly cache add parsed spec Result {
7 silly cache add   raw: '.',
7 silly cache add   scope: null,
7 silly cache add   escapedName: null,
7 silly cache add   name: null,
7 silly cache add   rawSpec: '.',
7 silly cache add   spec: 'C:\\GIT\\DSGulpBuilder\\tasks\\jade',
7 silly cache add   type: 'directory' }
8 verbose addLocalDirectory C:\Users\zork\AppData\Roaming\npm-cache\ds-gulp-builder-jade\0.2.3\package.tgz not in flight; packing
9 verbose correctMkdir C:\Users\zork\AppData\Roaming\npm-cache correctMkdir not in flight; initializing
10 info lifecycle ds-gulp-builder-jade@0.2.3~prepublish: ds-gulp-builder-jade@0.2.3
11 verbose lifecycle ds-gulp-builder-jade@0.2.3~prepublish: unsafe-perm in lifecycle true
12 verbose lifecycle ds-gulp-builder-jade@0.2.3~prepublish: PATH: C:\Users\zork\AppData\Roaming\npm\node_modules\npm\bin\node-gyp-bin;C:\GIT\DSGulpBuilder\tasks\jade\node_modules\.bin;C:\ProgramData\Oracle\Java\javapath;C:\Windows\SYSTEM32;C:\Windows;C:\Windows\SYSTEM32\WBEM;C:\PROGRAM FILES\MSYSGIT\CMD;C:\Program Files\TortoiseGit\bin;C:\Program Files\TortoiseSVN\bin;C:\PROGRAM FILES (X86)\PUTTY;C:\Program Files (x86)\MySQL\MySQL Utilities 1.3.4\;C:\Program Files (x86)\Intel\Services\IPT\;C:\Program Files\Microsoft\Web Platform Installer\;C:\Windows\idmu\common;C:\Program Files (x86)\Git\cmd;C:\Program Files (x86)\Git\bin;C:\Program Files\Intel\WiFi\bin\;C:\Program Files\Common Files\Intel\WirelessCommon\;C:\Program Files (x86)\Heroku\bin;C:\Program Files (x86)\git\cmd;C:\Program Files (x86)\Skype\Phone\;C:\Program Files\nodejs\;C:\Program Files\Microsoft SQL Server\130\Tools\Binn\;C:\Program Files (x86)\Windows Kits\10\Windows Performance Toolkit\;C:\Windows\System32\WindowsPowerShell\v1.0\;C:\Windows\System32\WindowsPowerShell\v1.0\;C:\ProgramData\chocolatey\bin;C:\Program Files\Java\jdk1.8.0_102\bin;C:\Users\zork\AppData\Local\Android\android-sdk\tools;C:\Users\zork\AppData\Local\Android\android-sdk\platform-tools;C:\Go\bin;C:\GIT\play\play1-1.3.0\python\;C:\GIT\play\play1-1.3.0;C:\GIT\play\play-2.0.4;C:\Progra~2\cloudbees-sdk-1.5.0;C:\Program Files (x86)\yajsw-stable-11.07\bat;C:\Program Files\Intel\WiFi\bin\;C:\Program Files\Common Files\Intel\WirelessCommon\;C:\Program Files\PostgreSQL\9.3\bin\;C:\Program Files (x86)\Git\bin\;C:\Users\zork\AppData\Roaming\npm;C:\Program Files\Docker Toolbox
13 verbose lifecycle ds-gulp-builder-jade@0.2.3~prepublish: CWD: C:\GIT\DSGulpBuilder\tasks\jade
14 silly lifecycle ds-gulp-builder-jade@0.2.3~prepublish: Args: [ '/d /s /c', 'npm run build' ]
15 silly lifecycle ds-gulp-builder-jade@0.2.3~prepublish: Returned: code: 0  signal: null
16 verbose tar pack [ 'C:\\Users\\zork\\AppData\\Roaming\\npm-cache\\ds-gulp-builder-jade\\0.2.3\\package.tgz',
16 verbose tar pack   'C:\\GIT\\DSGulpBuilder\\tasks\\jade' ]
17 verbose tarball C:\Users\zork\AppData\Roaming\npm-cache\ds-gulp-builder-jade\0.2.3\package.tgz
18 verbose folder C:\GIT\DSGulpBuilder\tasks\jade
19 verbose addLocalTarball adding from inside cache C:\Users\zork\AppData\Roaming\npm-cache\ds-gulp-builder-jade\0.2.3\package.tgz
20 verbose correctMkdir C:\Users\zork\AppData\Roaming\npm-cache correctMkdir not in flight; initializing
21 silly cache afterAdd ds-gulp-builder-jade@0.2.3
22 verbose afterAdd C:\Users\zork\AppData\Roaming\npm-cache\ds-gulp-builder-jade\0.2.3\package\package.json not in flight; writing
23 verbose correctMkdir C:\Users\zork\AppData\Roaming\npm-cache correctMkdir not in flight; initializing
24 verbose afterAdd C:\Users\zork\AppData\Roaming\npm-cache\ds-gulp-builder-jade\0.2.3\package\package.json written
25 silly publish { name: 'ds-gulp-builder-jade',
25 silly publish   version: '0.2.3',
25 silly publish   description: 'DelightSoft LLC gulpfile logic builder, which simplifies the process, keep code readable and lets avoid using separated configs, like gulp-starter project do..',
25 silly publish   scripts:
25 silly publish    { test: 'echo "Error: no test specified" && exit 1',
25 silly publish      build: 'coffee -c -o ./lib ./src',
25 silly publish      prepublish: 'npm run build' },
25 silly publish   main: './lib/index.js',
25 silly publish   repository:
25 silly publish    { type: 'git',
25 silly publish      url: 'git+https://github.com/delightsoft/DSGulpBuilder.git' },
25 silly publish   keywords: [ 'gulp', 'builder', 'delight', 'soft' ],
25 silly publish   author: { name: 'Alexey Zorkaltsev', url: 'alexey@zorkaltsev.com' },
25 silly publish   license: 'ISC',
25 silly publish   bugs: { url: 'https://github.com/delightsoft/DSGulpBuilder/issues' },
25 silly publish   homepage: 'https://github.com/delightsoft/DSGulpBuilder#readme',
25 silly publish   dependencies:
25 silly publish    { 'gulp-changed': '^1.3.0',
25 silly publish      'gulp-util': '^3.0.7',
25 silly publish      minimatch: '^3.0.0',
25 silly publish      'ternary-stream': '^2.0.0',
25 silly publish      through2: '^2.0.0',
25 silly publish      'gulp-jade': '^1.1.0' },
25 silly publish   devDependencies: { 'coffee-script': '^1.11.1' },
25 silly publish   readme: 'ERROR: No README data found!',
25 silly publish   _id: 'ds-gulp-builder-jade@0.2.3',
25 silly publish   _shasum: 'a24d7cd2ef113bcceaec749657de5dc82d6a5a18',
25 silly publish   _from: '.' }
26 verbose getPublishConfig undefined
27 silly mapToRegistry name ds-gulp-builder-jade
28 silly mapToRegistry using default registry
29 silly mapToRegistry registry https://registry.npmjs.org/
30 silly mapToRegistry data Result {
30 silly mapToRegistry   raw: 'ds-gulp-builder-jade',
30 silly mapToRegistry   scope: null,
30 silly mapToRegistry   escapedName: 'ds-gulp-builder-jade',
30 silly mapToRegistry   name: 'ds-gulp-builder-jade',
30 silly mapToRegistry   rawSpec: '',
30 silly mapToRegistry   spec: 'latest',
30 silly mapToRegistry   type: 'tag' }
31 silly mapToRegistry uri https://registry.npmjs.org/ds-gulp-builder-jade
32 verbose publish registryBase https://registry.npmjs.org/
33 silly publish uploading C:\Users\zork\AppData\Roaming\npm-cache\ds-gulp-builder-jade\0.2.3\package.tgz
34 verbose request uri https://registry.npmjs.org/ds-gulp-builder-jade
35 verbose request sending authorization for write operation
36 info attempt registry request try #1 at 06:25:08
37 verbose request using bearer token for auth
38 verbose request id 9314d59194b08cad
39 http request PUT https://registry.npmjs.org/ds-gulp-builder-jade
40 http 403 https://registry.npmjs.org/ds-gulp-builder-jade
41 verbose headers { 'content-type': 'application/json',
41 verbose headers   'cache-control': 'max-age=300',
41 verbose headers   'content-length': '95',
41 verbose headers   'accept-ranges': 'bytes',
41 verbose headers   date: 'Wed, 23 Nov 2016 03:25:15 GMT',
41 verbose headers   via: '1.1 varnish',
41 verbose headers   connection: 'keep-alive',
41 verbose headers   'x-served-by': 'cache-fra1231-FRA',
41 verbose headers   'x-cache': 'MISS',
41 verbose headers   'x-cache-hits': '0',
41 verbose headers   'x-timer': 'S1479871514.494589,VS0,VE927',
41 verbose headers   vary: 'Accept-Encoding' }
42 verbose request invalidating C:\Users\zork\AppData\Roaming\npm-cache\registry.npmjs.org\ds-gulp-builder-jade on PUT
43 error publish Failed PUT 403
44 verbose stack Error: "You cannot publish over the previously published version 0.2.3." : ds-gulp-builder-jade
44 verbose stack     at makeError (C:\Users\zork\AppData\Roaming\npm\node_modules\npm\node_modules\npm-registry-client\lib\request.js:302:12)
44 verbose stack     at CachingRegistryClient.<anonymous> (C:\Users\zork\AppData\Roaming\npm\node_modules\npm\node_modules\npm-registry-client\lib\request.js:290:14)
44 verbose stack     at Request._callback (C:\Users\zork\AppData\Roaming\npm\node_modules\npm\node_modules\npm-registry-client\lib\request.js:210:14)
44 verbose stack     at Request.self.callback (C:\Users\zork\AppData\Roaming\npm\node_modules\npm\node_modules\request\request.js:187:22)
44 verbose stack     at emitTwo (events.js:106:13)
44 verbose stack     at Request.emit (events.js:191:7)
44 verbose stack     at Request.<anonymous> (C:\Users\zork\AppData\Roaming\npm\node_modules\npm\node_modules\request\request.js:1048:10)
44 verbose stack     at emitOne (events.js:96:13)
44 verbose stack     at Request.emit (events.js:188:7)
44 verbose stack     at IncomingMessage.<anonymous> (C:\Users\zork\AppData\Roaming\npm\node_modules\npm\node_modules\request\request.js:969:12)
45 verbose statusCode 403
46 verbose pkgid ds-gulp-builder-jade
47 verbose cwd C:\GIT\DSGulpBuilder\tasks\jade
48 error Windows_NT 6.1.7601
49 error argv "C:\\Program Files\\nodejs\\node.exe" "C:\\Users\\zork\\AppData\\Roaming\\npm\\node_modules\\npm\\bin\\npm-cli.js" "publish"
50 error node v6.9.1
51 error npm  v3.10.9
52 error code E403
53 error "You cannot publish over the previously published version 0.2.3." : ds-gulp-builder-jade
54 error If you need help, you may report this error at:
54 error     <https://github.com/npm/npm/issues>
55 verbose exit [ 1, true ]
